1739186393812	geckodriver	INFO	Listening on 127.0.0.1:58393
1739186396863	mozrunner::runner	INFO	Running command: "C:\\Program Files\\Mozilla Firefox\\firefox.exe" "--marionette" "--remote-debugging-port" "58394" "--remote-allow-hosts" "localhost" "-no-remote" "-profile" "C:\\Users\\juuso\\AppData\\Local\\Temp\\rust_mozprofileSXsZhF"
console.warn: services.settings: Ignoring preference override of remote settings server
console.warn: services.settings: Allow by setting MOZ_REMOTE_SETTINGS_DEVTOOLS=1 in the environment
Dynamically enable window occlusion 0
1739186397110	Marionette	INFO	Marionette enabled
1739186397340	Marionette	INFO	Listening on port 58401
WebDriver BiDi listening on ws://127.0.0.1:58394
Read port: 58401
1739186397441	RemoteAgent	WARN	TLS certificate errors will be ignored for this session
DevTools listening on ws://127.0.0.1:58394/devtools/browser/a37a76ff-dc4e-4bff-a1cf-8140d0844d3d
console.warn: LoginRecipes: "Falling back to a synchronous message for: https://automationplayground.com."
console.warn: LoginRecipes: "Falling back to a synchronous message for: https://automationplayground.com."
JavaScript warning: https://www.googletagmanager.com/gtag/js?id=G-NGEFJL0H65, line 177: Script terminated by timeout at:
hb@https://www.googletagmanager.com/gtag/js?id=G-NGEFJL0H65:177:159
ZC@https://www.googletagmanager.com/gtag/js?id=G-NGEFJL0H65:607:135
$C/<@https://www.googletagmanager.com/gtag/js?id=G-NGEFJL0H65:607:111

JavaScript error: resource://gre/modules/AsyncShutdown.sys.mjs, line 569: NotFoundError: No such JSProcessActor 'DevToolsProcess'
JavaScript error: resource://gre/modules/AsyncShutdown.sys.mjs, line 569: NotFoundError: No such JSProcessActor 'DevToolsProcess'
JavaScript error: resource://gre/modules/AsyncShutdown.sys.mjs, line 569: NotFoundError: No such JSProcessActor 'DevToolsProcess'
1739187635030	Marionette	INFO	Stopped listening on port 58401
Dynamically enable window occlusion 1
console.error: "Error in worker resource://devtools/client/shared/source-map-loader/worker.js" ": "
